{"/Users/josdeberdt/Documents/Projects/_NOT-WORK-RELATED/RN-connected-redux/src/components/elements/button/Button.js": {"path":"/Users/josdeberdt/Documents/Projects/_NOT-WORK-RELATED/RN-connected-redux/src/components/elements/button/Button.js","statementMap":{"0":{"start":{"line":9,"column":15},"end":{"line":28,"column":1}},"1":{"start":{"line":11,"column":2},"end":{"line":27,"column":4}},"2":{"start":{"line":17,"column":8},"end":{"line":19,"column":9}},"3":{"start":{"line":18,"column":10},"end":{"line":18,"column":20}}},"fnMap":{"0":{"name":"(anonymous_0)","decl":{"start":{"line":9,"column":15},"end":{"line":9,"column":16}},"loc":{"start":{"line":9,"column":66},"end":{"line":28,"column":1}},"line":9},"1":{"name":"(anonymous_1)","decl":{"start":{"line":16,"column":15},"end":{"line":16,"column":16}},"loc":{"start":{"line":16,"column":21},"end":{"line":20,"column":7}},"line":16}},"branchMap":{"0":{"loc":{"start":{"line":13,"column":14},"end":{"line":13,"column":47}},"type":"cond-expr","locations":[{"start":{"line":13,"column":23},"end":{"line":13,"column":29}},{"start":{"line":13,"column":32},"end":{"line":13,"column":47}}],"line":13},"1":{"loc":{"start":{"line":17,"column":8},"end":{"line":19,"column":9}},"type":"if","locations":[{"start":{"line":17,"column":8},"end":{"line":19,"column":9}},{"start":{"line":17,"column":8},"end":{"line":19,"column":9}}],"line":17},"2":{"loc":{"start":{"line":22,"column":16},"end":{"line":22,"column":62}},"type":"cond-expr","locations":[{"start":{"line":22,"column":29},"end":{"line":22,"column":39}},{"start":{"line":22,"column":42},"end":{"line":22,"column":62}}],"line":22}},"s":{"0":2,"1":5,"2":4,"3":3},"f":{"0":5,"1":4},"b":{"0":[3,2],"1":[3,1],"2":[1,4]},"_coverageSchema":"1a1c01bbd47fc00a2c39e90264f33305004495a9","hash":"30b69db3d0dd85497d06d43712bd54725cde286a"}
,"/Users/josdeberdt/Documents/Projects/_NOT-WORK-RELATED/RN-connected-redux/src/components/elements/button/Button.style.js": {"path":"/Users/josdeberdt/Documents/Projects/_NOT-WORK-RELATED/RN-connected-redux/src/components/elements/button/Button.style.js","statementMap":{"0":{"start":{"line":1,"column":22},"end":{"line":14,"column":1}}},"fnMap":{},"branchMap":{},"s":{"0":2},"f":{},"b":{},"_coverageSchema":"1a1c01bbd47fc00a2c39e90264f33305004495a9","hash":"095b4ad8776abe849fdd88fd77d66f892b2d6864"}
,"/Users/josdeberdt/Documents/Projects/_NOT-WORK-RELATED/RN-connected-redux/src/components/elements/panel/Panel.js": {"path":"/Users/josdeberdt/Documents/Projects/_NOT-WORK-RELATED/RN-connected-redux/src/components/elements/panel/Panel.js","statementMap":{"0":{"start":{"line":6,"column":14},"end":{"line":8,"column":1}},"1":{"start":{"line":7,"column":2},"end":{"line":7,"column":54}}},"fnMap":{"0":{"name":"(anonymous_0)","decl":{"start":{"line":6,"column":14},"end":{"line":6,"column":15}},"loc":{"start":{"line":6,"column":30},"end":{"line":8,"column":1}},"line":6}},"branchMap":{},"s":{"0":2,"1":3},"f":{"0":3},"b":{},"_coverageSchema":"1a1c01bbd47fc00a2c39e90264f33305004495a9","hash":"845d732062c268372a798ad0dc63cd7284ff3283"}
,"/Users/josdeberdt/Documents/Projects/_NOT-WORK-RELATED/RN-connected-redux/src/components/elements/panel/Panel.style.js": {"path":"/Users/josdeberdt/Documents/Projects/_NOT-WORK-RELATED/RN-connected-redux/src/components/elements/panel/Panel.style.js","statementMap":{"0":{"start":{"line":3,"column":22},"end":{"line":18,"column":2}}},"fnMap":{},"branchMap":{},"s":{"0":2},"f":{},"b":{},"_coverageSchema":"1a1c01bbd47fc00a2c39e90264f33305004495a9","hash":"811986bf7c0157266b88810eaef764a105340829"}
,"/Users/josdeberdt/Documents/Projects/_NOT-WORK-RELATED/RN-connected-redux/src/components/frames/footer/Footer.js": {"path":"/Users/josdeberdt/Documents/Projects/_NOT-WORK-RELATED/RN-connected-redux/src/components/frames/footer/Footer.js","statementMap":{"0":{"start":{"line":6,"column":15},"end":{"line":14,"column":1}},"1":{"start":{"line":7,"column":2},"end":{"line":13,"column":4}}},"fnMap":{"0":{"name":"(anonymous_0)","decl":{"start":{"line":6,"column":15},"end":{"line":6,"column":16}},"loc":{"start":{"line":6,"column":31},"end":{"line":14,"column":1}},"line":6}},"branchMap":{},"s":{"0":1,"1":2},"f":{"0":2},"b":{},"_coverageSchema":"1a1c01bbd47fc00a2c39e90264f33305004495a9","hash":"0534c9d9bbb430d81054d3243cf06fb6c1a48087"}
,"/Users/josdeberdt/Documents/Projects/_NOT-WORK-RELATED/RN-connected-redux/src/components/frames/footer/Footer.style.js": {"path":"/Users/josdeberdt/Documents/Projects/_NOT-WORK-RELATED/RN-connected-redux/src/components/frames/footer/Footer.style.js","statementMap":{"0":{"start":{"line":1,"column":22},"end":{"line":13,"column":1}}},"fnMap":{},"branchMap":{},"s":{"0":1},"f":{},"b":{},"_coverageSchema":"1a1c01bbd47fc00a2c39e90264f33305004495a9","hash":"5a234fca83678388ebae56d815f8ecf45dca2535"}
,"/Users/josdeberdt/Documents/Projects/_NOT-WORK-RELATED/RN-connected-redux/src/components/frames/home/Home.js": {"path":"/Users/josdeberdt/Documents/Projects/_NOT-WORK-RELATED/RN-connected-redux/src/components/frames/home/Home.js","statementMap":{"0":{"start":{"line":10,"column":13},"end":{"line":24,"column":1}},"1":{"start":{"line":11,"column":2},"end":{"line":23,"column":4}},"2":{"start":{"line":19,"column":10},"end":{"line":19,"column":33}},"3":{"start":{"line":26,"column":24},"end":{"line":28,"column":2}},"4":{"start":{"line":26,"column":36},"end":{"line":28,"column":1}},"5":{"start":{"line":30,"column":27},"end":{"line":32,"column":2}},"6":{"start":{"line":30,"column":42},"end":{"line":32,"column":1}},"7":{"start":{"line":31,"column":24},"end":{"line":31,"column":63}}},"fnMap":{"0":{"name":"(anonymous_0)","decl":{"start":{"line":10,"column":13},"end":{"line":10,"column":14}},"loc":{"start":{"line":10,"column":24},"end":{"line":24,"column":1}},"line":10},"1":{"name":"(anonymous_1)","decl":{"start":{"line":18,"column":17},"end":{"line":18,"column":18}},"loc":{"start":{"line":18,"column":23},"end":{"line":20,"column":9}},"line":18},"2":{"name":"(anonymous_2)","decl":{"start":{"line":26,"column":24},"end":{"line":26,"column":25}},"loc":{"start":{"line":26,"column":36},"end":{"line":28,"column":1}},"line":26},"3":{"name":"(anonymous_3)","decl":{"start":{"line":30,"column":27},"end":{"line":30,"column":28}},"loc":{"start":{"line":30,"column":42},"end":{"line":32,"column":1}},"line":30},"4":{"name":"(anonymous_4)","decl":{"start":{"line":31,"column":18},"end":{"line":31,"column":19}},"loc":{"start":{"line":31,"column":24},"end":{"line":31,"column":63}},"line":31}},"branchMap":{},"s":{"0":1,"1":1,"2":2,"3":1,"4":1,"5":1,"6":1,"7":2},"f":{"0":1,"1":2,"2":1,"3":1,"4":2},"b":{},"_coverageSchema":"1a1c01bbd47fc00a2c39e90264f33305004495a9","hash":"6cfef2beafbbc927b914852fd06607c404e82832"}
,"/Users/josdeberdt/Documents/Projects/_NOT-WORK-RELATED/RN-connected-redux/src/redux/actions/QuoteActions.js": {"path":"/Users/josdeberdt/Documents/Projects/_NOT-WORK-RELATED/RN-connected-redux/src/redux/actions/QuoteActions.js","statementMap":{"0":{"start":{"line":4,"column":19},"end":{"line":8,"column":1}},"1":{"start":{"line":11,"column":21},"end":{"line":22,"column":1}},"2":{"start":{"line":13,"column":4},"end":{"line":20,"column":6}}},"fnMap":{"0":{"name":"(anonymous_0)","decl":{"start":{"line":12,"column":18},"end":{"line":12,"column":19}},"loc":{"start":{"line":12,"column":34},"end":{"line":21,"column":3}},"line":12}},"branchMap":{"0":{"loc":{"start":{"line":12,"column":19},"end":{"line":12,"column":29}},"type":"default-arg","locations":[{"start":{"line":12,"column":27},"end":{"line":12,"column":29}}],"line":12}},"s":{"0":1,"1":1,"2":2},"f":{"0":2},"b":{"0":[2]},"_coverageSchema":"1a1c01bbd47fc00a2c39e90264f33305004495a9","hash":"ce3ffa521a4e70cc407a934a04cd08246439df38"}
}
