TN:
SF:src/components/elements/button/Button.js
FN:9,(anonymous_0)
FN:16,(anonymous_1)
FNF:2
FNH:2
FNDA:5,(anonymous_0)
FNDA:4,(anonymous_1)
DA:9,2
DA:11,5
DA:17,4
DA:18,3
LF:4
LH:4
BRDA:13,0,0,3
BRDA:13,0,1,2
BRDA:17,1,0,3
BRDA:17,1,1,1
BRDA:22,2,0,1
BRDA:22,2,1,4
BRF:6
BRH:6
end_of_record
TN:
SF:src/components/elements/button/Button.style.js
FNF:0
FNH:0
DA:1,2
LF:1
LH:1
BRF:0
BRH:0
end_of_record
TN:
SF:src/components/elements/panel/Panel.js
FN:6,(anonymous_0)
FNF:1
FNH:1
FNDA:3,(anonymous_0)
DA:6,2
DA:7,3
LF:2
LH:2
BRF:0
BRH:0
end_of_record
TN:
SF:src/components/elements/panel/Panel.style.js
FNF:0
FNH:0
DA:3,2
LF:1
LH:1
BRF:0
BRH:0
end_of_record
TN:
SF:src/components/frames/footer/Footer.js
FN:6,(anonymous_0)
FNF:1
FNH:1
FNDA:2,(anonymous_0)
DA:6,1
DA:7,2
LF:2
LH:2
BRF:0
BRH:0
end_of_record
TN:
SF:src/components/frames/footer/Footer.style.js
FNF:0
FNH:0
DA:1,1
LF:1
LH:1
BRF:0
BRH:0
end_of_record
TN:
SF:src/components/frames/home/Home.js
FN:10,(anonymous_0)
FN:18,(anonymous_1)
FN:26,(anonymous_2)
FN:30,(anonymous_3)
FN:31,(anonymous_4)
FNF:5
FNH:5
FNDA:1,(anonymous_0)
FNDA:2,(anonymous_1)
FNDA:1,(anonymous_2)
FNDA:1,(anonymous_3)
FNDA:2,(anonymous_4)
DA:10,1
DA:11,1
DA:19,2
DA:26,1
DA:30,1
DA:31,2
LF:6
LH:6
BRF:0
BRH:0
end_of_record
TN:
SF:src/redux/actions/QuoteActions.js
FN:12,(anonymous_0)
FNF:1
FNH:1
FNDA:2,(anonymous_0)
DA:4,1
DA:11,1
DA:13,2
LF:3
LH:3
BRDA:12,0,0,2
BRF:1
BRH:1
end_of_record
